# JRE version: Java(TM) SE Runtime Environment (9.0+11) (build 9.0.4+11)
# Java VM: Java HotSpot(TM) 64-Bit Server VM (9.0.4+11, mixed mode, tiered, compressed oops, g1 gc, windows-amd64)
Heap:
 garbage-first heap   total 359424K, used 136336K [0x0000000700000000, 0x0000000700100af8, 0x00000007c0000000)
  region size 1024K, 18 young (18432K), 1 survivors (1024K)
 Metaspace       used 87414K, capacity 94005K, committed 94256K, reserved 1130496K
  class space    used 11862K, capacity 12981K, committed 13104K, reserved 1048576K
GC Heap History (10 events):
Event: 2156.050 GC heap before
{Heap before GC invocations=352 (full 41):
 garbage-first heap   total 359424K, used 180231K [0x0000000700000000, 0x0000000700100af8, 0x00000007c0000000)
  region size 1024K, 60 young (61440K), 1 survivors (1024K)
 Metaspace       used 87369K, capacity 93941K, committed 94256K, reserved 1130496K
  class space    used 11862K, capacity 12981K, committed 13104K, reserved 1048576K
}
Event: 2156.051 GC heap after
{Heap after GC invocations=353 (full 41):
 garbage-first heap   total 359424K, used 119506K [0x0000000700000000, 0x0000000700100af8, 0x00000007c0000000)
  region size 1024K, 1 young (1024K), 1 survivors (1024K)
 Metaspace       used 87369K, capacity 93941K, committed 94256K, reserved 1130496K
  class space    used 11862K, capacity 12981K, committed 13104K, reserved 1048576K
}
Event: 2157.157 GC heap before
{Heap before GC invocations=353 (full 41):
 garbage-first heap   total 359424K, used 179922K [0x0000000700000000, 0x0000000700100af8, 0x00000007c0000000)
  region size 1024K, 60 young (61440K), 1 survivors (1024K)
 Metaspace       used 87374K, capacity 93941K, committed 94256K, reserved 1130496K
  class space    used 11862K, capacity 12981K, committed 13104K, reserved 1048576K
}
Event: 2157.158 GC heap after
{Heap after GC invocations=354 (full 41):
 garbage-first heap   total 359424K, used 119637K [0x0000000700000000, 0x0000000700100af8, 0x00000007c0000000)
  region size 1024K, 1 young (1024K), 1 survivors (1024K)
 Metaspace       used 87374K, capacity 93941K, committed 94256K, reserved 1130496K
  class space    used 11862K, capacity 12981K, committed 13104K, reserved 1048576K
}
Event: 2160.042 GC heap before
{Heap before GC invocations=354 (full 41):
 garbage-first heap   total 359424K, used 180053K [0x0000000700000000, 0x0000000700100af8, 0x00000007c0000000)
  region size 1024K, 60 young (61440K), 1 survivors (1024K)
 Metaspace       used 87393K, capacity 93941K, committed 94256K, reserved 1130496K
  class space    used 11862K, capacity 12981K, committed 13104K, reserved 1048576K
}
Event: 2160.044 GC heap after
{Heap after GC invocations=355 (full 41):
 garbage-first heap   total 359424K, used 120040K [0x0000000700000000, 0x0000000700100af8, 0x00000007c0000000)
  region size 1024K, 1 young (1024K), 1 survivors (1024K)
 Metaspace       used 87393K, capacity 93941K, committed 94256K, reserved 1130496K
  class space    used 11862K, capacity 12981K, committed 13104K, reserved 1048576K
}
Event: 2163.116 GC heap before
{Heap before GC invocations=355 (full 41):
 garbage-first heap   total 359424K, used 180456K [0x0000000700000000, 0x0000000700100af8, 0x00000007c0000000)
  region size 1024K, 60 young (61440K), 1 survivors (1024K)
 Metaspace       used 87404K, capacity 93941K, committed 94256K, reserved 1130496K
  class space    used 11862K, capacity 12981K, committed 13104K, reserved 1048576K
}
Event: 2163.122 GC heap after
{Heap after GC invocations=356 (full 41):
 garbage-first heap   total 359424K, used 119905K [0x0000000700000000, 0x0000000700100af8, 0x00000007c0000000)
  region size 1024K, 1 young (1024K), 1 survivors (1024K)
 Metaspace       used 87404K, capacity 93941K, committed 94256K, reserved 1130496K
  class space    used 11862K, capacity 12981K, committed 13104K, reserved 1048576K
}
Event: 2164.020 GC heap before
{Heap before GC invocations=356 (full 41):
 garbage-first heap   total 359424K, used 180321K [0x0000000700000000, 0x0000000700100af8, 0x00000007c0000000)
  region size 1024K, 60 young (61440K), 1 survivors (1024K)
 Metaspace       used 87414K, capacity 94005K, committed 94256K, reserved 1130496K
  class space    used 11862K, capacity 12981K, committed 13104K, reserved 1048576K
}
Event: 2164.022 GC heap after
{Heap after GC invocations=357 (full 41):
 garbage-first heap   total 359424K, used 119952K [0x0000000700000000, 0x0000000700100af8, 0x00000007c0000000)
  region size 1024K, 1 young (1024K), 1 survivors (1024K)
 Metaspace       used 87414K, capacity 94005K, committed 94256K, reserved 1130496K
  class space    used 11862K, capacity 12981K, committed 13104K, reserved 1048576K
}

